Determining if the pthread_create exist failed with the following output:
Change Dir: /home/huang/Desktop/BL_fork/forkcar_simulation/build/CMakeFiles/CMakeTmp

Run Build Command:"/usr/bin/make" "cmTC_dd60a/fast"
/usr/bin/make -f CMakeFiles/cmTC_dd60a.dir/build.make CMakeFiles/cmTC_dd60a.dir/build
make[1]: Entering directory '/home/huang/Desktop/BL_fork/forkcar_simulation/build/CMakeFiles/CMakeTmp'
Building C object CMakeFiles/cmTC_dd60a.dir/CheckSymbolExists.c.o
/usr/bin/cc    -o CMakeFiles/cmTC_dd60a.dir/CheckSymbolExists.c.o   -c /home/huang/Desktop/BL_fork/forkcar_simulation/build/CMakeFiles/CMakeTmp/CheckSymbolExists.c
Linking C executable cmTC_dd60a
/usr/bin/cmake -E cmake_link_script CMakeFiles/cmTC_dd60a.dir/link.txt --verbose=1
/usr/bin/cc      -rdynamic CMakeFiles/cmTC_dd60a.dir/CheckSymbolExists.c.o  -o cmTC_dd60a 
CMakeFiles/cmTC_dd60a.dir/CheckSymbolExists.c.o: In function `main':
CheckSymbolExists.c:(.text+0x1b): undefined reference to `pthread_create'
collect2: error: ld returned 1 exit status
CMakeFiles/cmTC_dd60a.dir/build.make:97: recipe for target 'cmTC_dd60a' failed
make[1]: *** [cmTC_dd60a] Error 1
make[1]: Leaving directory '/home/huang/Desktop/BL_fork/forkcar_simulation/build/CMakeFiles/CMakeTmp'
Makefile:126: recipe for target 'cmTC_dd60a/fast' failed
make: *** [cmTC_dd60a/fast] Error 2

File /home/huang/Desktop/BL_fork/forkcar_simulation/build/CMakeFiles/CMakeTmp/CheckSymbolExists.c:
/* */
#include <pthread.h>

int main(int argc, char** argv)
{
  (void)argv;
#ifndef pthread_create
  return ((int*)(&pthread_create))[argc];
#else
  (void)argc;
  return 0;
#endif
}

Determining if the function pthread_create exists in the pthreads failed with the following output:
Change Dir: /home/huang/Desktop/BL_fork/forkcar_simulation/build/CMakeFiles/CMakeTmp

Run Build Command:"/usr/bin/make" "cmTC_c564d/fast"
/usr/bin/make -f CMakeFiles/cmTC_c564d.dir/build.make CMakeFiles/cmTC_c564d.dir/build
make[1]: Entering directory '/home/huang/Desktop/BL_fork/forkcar_simulation/build/CMakeFiles/CMakeTmp'
Building C object CMakeFiles/cmTC_c564d.dir/CheckFunctionExists.c.o
/usr/bin/cc   -DCHECK_FUNCTION_EXISTS=pthread_create   -o CMakeFiles/cmTC_c564d.dir/CheckFunctionExists.c.o   -c /usr/share/cmake-3.10/Modules/CheckFunctionExists.c
Linking C executable cmTC_c564d
/usr/bin/cmake -E cmake_link_script CMakeFiles/cmTC_c564d.dir/link.txt --verbose=1
/usr/bin/cc  -DCHECK_FUNCTION_EXISTS=pthread_create    -rdynamic CMakeFiles/cmTC_c564d.dir/CheckFunctionExists.c.o  -o cmTC_c564d -lpthreads 
/usr/bin/ld: cannot find -lpthreads
collect2: error: ld returned 1 exit status
CMakeFiles/cmTC_c564d.dir/build.make:97: recipe for target 'cmTC_c564d' failed
make[1]: *** [cmTC_c564d] Error 1
make[1]: Leaving directory '/home/huang/Desktop/BL_fork/forkcar_simulation/build/CMakeFiles/CMakeTmp'
Makefile:126: recipe for target 'cmTC_c564d/fast' failed
make: *** [cmTC_c564d/fast] Error 2


